Traceback (most recent call last):
  File "/opt/homebrew/lib/python3.10/site-packages/jupyter_cache/executors/utils.py", line 58, in single_nb_execution
    executenb(
  File "/opt/homebrew/lib/python3.10/site-packages/nbclient/client.py", line 1305, in execute
    return NotebookClient(nb=nb, resources=resources, km=km, **kwargs).execute()
  File "/opt/homebrew/lib/python3.10/site-packages/jupyter_core/utils/__init__.py", line 166, in wrapped
    return loop.run_until_complete(inner)
  File "/opt/homebrew/Cellar/python@3.10/3.10.9/Frameworks/Python.framework/Versions/3.10/lib/python3.10/asyncio/base_events.py", line 649, in run_until_complete
    return future.result()
  File "/opt/homebrew/lib/python3.10/site-packages/nbclient/client.py", line 705, in async_execute
    await self.async_execute_cell(
  File "/opt/homebrew/lib/python3.10/site-packages/nbclient/client.py", line 1058, in async_execute_cell
    await self._check_raise_for_error(cell, cell_index, exec_reply)
  File "/opt/homebrew/lib/python3.10/site-packages/nbclient/client.py", line 914, in _check_raise_for_error
    raise CellExecutionError.from_cell_and_msg(cell, exec_reply_content)
nbclient.exceptions.CellExecutionError: An error occurred while executing the following cell:
------------------
from psychopy import visual, core, event
from psychopy.hardware import keyboard
import random

# Parameters
num_dots = 100  # Total number of dots
coherence = 0.6  # Percentage of dots moving in the correct direction
dot_speed = 0.01  # Speed of dots in pixels per frame
direction = random.choice([0, 180])  # -1 for left, 1 for right
print(direction)
# Create a PsychoPy window
win = visual.Window([800, 600])

# Create dots
dots = visual.DotStim(win, nDots=num_dots, dotSize=3, speed=dot_speed, dotLife=100, dir = direction)
dots.setFieldCoherence(coherence)

#create a keyboard component
kb = keyboard.Keyboard()

# Main loop
while True:
    # dots.setFieldPos(dots.fieldPos + (dot_speed * direction, 0))
    dots.draw()
    win.flip()
    if len(kb.getKeys()) > 0:
        break
    event.clearEvents()


# Close the window when done
win.close()

------------------


[0;31m---------------------------------------------------------------------------[0m
[0;31mModuleNotFoundError[0m                       Traceback (most recent call last)
Cell [0;32mIn[1], line 1[0m
[0;32m----> 1[0m [38;5;28;01mfrom[39;00m [38;5;21;01mpsychopy[39;00m [38;5;28;01mimport[39;00m visual, core, event
[1;32m      2[0m [38;5;28;01mfrom[39;00m [38;5;21;01mpsychopy[39;00m[38;5;21;01m.[39;00m[38;5;21;01mhardware[39;00m [38;5;28;01mimport[39;00m keyboard
[1;32m      3[0m [38;5;28;01mimport[39;00m [38;5;21;01mrandom[39;00m

[0;31mModuleNotFoundError[0m: No module named 'psychopy'

